<?xml version="1.0" encoding="UTF-8"?>
<!-- Generated by org.testng.reporters.JUnitReportReporter -->
<testsuite skipped="0" hostname="DESKTOP-HR5OPSO" name="Acu.ResumeTracker.TestClass.Resume_LoginTest_1" tests="1" failures="0" timestamp="2020-11-13T15:59:43 IST" time="8.477" errors="0">
  <testcase name="Logintest" time="8.477" classname="Acu.ResumeTracker.TestClass.Resume_LoginTest_1"/>
  <system-out/>
</testsuite> <!-- Acu.ResumeTracker.TestClass.Resume_LoginTest_1 -->
