<?xml version="1.0" encoding="UTF-8"?>
<!-- Generated by org.testng.reporters.JUnitReportReporter -->
<testsuite hostname="DESKTOP-HR5OPSO" failures="0" tests="4" name="Acu.ResumeTracker.TestClass.Resume_LoginTest_1" time="8.710" errors="0" timestamp="2020-11-16T10:50:28 IST" skipped="0">
  <testcase classname="Acu.ResumeTracker.TestClass.Resume_LoginTest_1" name="EnterName" time="2.188"/>
  <testcase classname="Acu.ResumeTracker.TestClass.Resume_LoginTest_1" name="EnterPass" time="0.838"/>
  <testcase classname="Acu.ResumeTracker.TestClass.Resume_LoginTest_1" name="Role" time="0.844"/>
  <testcase classname="Acu.ResumeTracker.TestClass.Resume_LoginTest_1" name="Logintest" time="4.840"/>
</testsuite> <!-- Acu.ResumeTracker.TestClass.Resume_LoginTest_1 -->
